<?xml version="1.0" encoding="UTF-8" ?>
<testsuite failures="0" time="0.002" errors="0" skipped="0" tests="3" name="org.multiverse.stms.alpha.transactions.update.MapUpdateAlphaTransaction_prepareTest">
  <properties>
[...]
</properties>
  <testcase time="0.001" classname="org.multiverse.stms.alpha.transactions.update.MapUpdateAlphaTransaction_prepareTest" name="whenDirty_thenResourcesLocked"/>
  <testcase time="0" classname="org.multiverse.stms.alpha.transactions.update.MapUpdateAlphaTransaction_prepareTest" name="whenNonDirty_thenNoResourcesLocked"/>
  <testcase time="0.001" classname="org.multiverse.stms.alpha.transactions.update.MapUpdateAlphaTransaction_prepareTest" name="whenPrepared_thenCommitSuccess"/>
</testsuite>